<?xml version="1.0" encoding="UTF-8"?>
<!-- Generated by org.testng.reporters.JUnitReportReporter -->
<testsuite hostname="VAIO" name="testNGLearning.dataProviders" tests="3" failures="0" timestamp="1 Jul 2020 06:42:44 GMT" time="0.024" errors="0">
  <testcase name="mobileHomeLoan" time="0.003" classname="testNGLearning.dataProviders"/>
  <testcase name="mobileHomeLoan" time="0.004" classname="testNGLearning.dataProviders"/>
  <testcase name="mobileHomeLoan" time="0.017" classname="testNGLearning.dataProviders"/>
</testsuite> <!-- testNGLearning.dataProviders -->
