<?xml version="1.0" encoding="UTF-8"?>
<!-- Generated by org.testng.reporters.JUnitReportReporter -->
<testsuite hostname="VAIO" name="testNGLearning.firstTestNGClass" tests="4" failures="0" timestamp="1 Jul 2020 06:18:38 GMT" time="0.043" errors="0">
  <testcase name="a" time="0.025" classname="testNGLearning.firstTestNGClass"/>
  <testcase name="c" time="0.005" classname="testNGLearning.firstTestNGClass"/>
  <testcase name="b" time="0.008" classname="testNGLearning.firstTestNGClass"/>
  <testcase name="a" time="0.005" classname="testNGLearning.firstTestNGClass"/>
</testsuite> <!-- testNGLearning.firstTestNGClass -->
