<?xml version="1.0" encoding="UTF-8"?>
<!-- Generated by org.testng.reporters.JUnitReportReporter -->
<testsuite hostname="VAIO" name="Basics.DemoClass" tests="2" failures="1" timestamp="21 May 2020 07:17:46 GMT" time="0.049" errors="0">
  <testcase name="creditLoan" time="0.049" classname="Basics.DemoClass"/>
  <testcase name="personalLoan" time="0.000" classname="Basics.DemoClass">
    <failure type="org.testng.TestNGException" message="
Parameter &#039;url&#039; is required by @Test on method personalLoan but has not been marked @Optional or defined
in C:\Users\SONY\Projects\TestNGTutorial\testng.xml">
      <![CDATA[org.testng.TestNGException: 
Parameter 'url' is required by @Test on method personalLoan but has not been marked @Optional or defined
in C:\Users\SONY\Projects\TestNGTutorial\testng.xml
	at org.testng.internal.Parameters.createParameters(Parameters.java:155)
	at org.testng.internal.Parameters.createParameters(Parameters.java:355)
	at org.testng.internal.Parameters.handleParameters(Parameters.java:447)
	at org.testng.internal.Invoker.handleParameters(Invoker.java:1389)
	at org.testng.internal.Invoker.createParameters(Invoker.java:1081)
	at org.testng.internal.Invoker.invokeTestMethods(Invoker.java:1186)
	at org.testng.internal.TestMethodWorker.invokeTestMethods(TestMethodWorker.java:127)
	at org.testng.internal.TestMethodWorker.run(TestMethodWorker.java:111)
	at org.testng.TestRunner.privateRun(TestRunner.java:767)
	at org.testng.TestRunner.run(TestRunner.java:617)
	at org.testng.SuiteRunner.runTest(SuiteRunner.java:334)
	at org.testng.SuiteRunner.access$000(SuiteRunner.java:37)
	at org.testng.SuiteRunner$SuiteWorker.run(SuiteRunner.java:368)
	at org.testng.internal.thread.ThreadUtil$2.call(ThreadUtil.java:64)
	at java.util.concurrent.FutureTask.run(Unknown Source)
	at java.util.concurrent.ThreadPoolExecutor.runWorker(Unknown Source)
	at java.util.concurrent.ThreadPoolExecutor$Worker.run(Unknown Source)
	at java.lang.Thread.run(Unknown Source)
]]>
    </failure>
  </testcase> <!-- personalLoan -->
</testsuite> <!-- Basics.DemoClass -->
