<?xml version="1.0" encoding="UTF-8"?>
<!-- Generated by org.testng.reporters.JUnitReportReporter -->
<testsuite hostname="VAIO" name="Basics.CarLoan" tests="5" failures="0" timestamp="20 May 2020 18:38:06 GMT" time="0.024" errors="0">
  <testcase name="webCarLoan" time="0.013" classname="Basics.CarLoan"/>
  <testcase name="mobileMaruthiLoan" time="0.002" classname="Basics.CarLoan"/>
  <testcase name="mobileAudiLoan" time="0.002" classname="Basics.CarLoan"/>
  <testcase name="mobileBMWLoan" time="0.003" classname="Basics.CarLoan"/>
  <testcase name="apiCarLoan" time="0.004" classname="Basics.CarLoan"/>
</testsuite> <!-- Basics.CarLoan -->
