<?xml version="1.0" encoding="UTF-8"?>
<!-- Generated by org.testng.reporters.JUnitReportReporter -->
<testsuite hostname="VAIO" name="Basics.HomeLoan" tests="5" failures="0" timestamp="21 May 2020 07:17:46 GMT" time="0.055" errors="0">
  <testcase name="mobileHomeLoan" time="0.003" classname="Basics.HomeLoan"/>
  <testcase name="mobileHomeLoan" time="0.007" classname="Basics.HomeLoan"/>
  <testcase name="mobileDuplexHomeLoan" time="0.040" classname="Basics.HomeLoan"/>
  <testcase name="mobileHomeLoan" time="0.002" classname="Basics.HomeLoan"/>
  <testcase name="mobileVillaHomeLoan" time="0.003" classname="Basics.HomeLoan"/>
</testsuite> <!-- Basics.HomeLoan -->
