<?xml version="1.0" encoding="UTF-8"?>
<!-- Generated by org.testng.reporters.JUnitReportReporter -->
<testsuite hostname="VAIO" name="testNGLearning.dependsOnMethod" tests="2" failures="0" timestamp="1 Jul 2020 06:32:03 GMT" time="0.027" errors="0">
  <testcase name="sub" time="0.004" classname="testNGLearning.dependsOnMethod"/>
  <testcase name="add" time="0.023" classname="testNGLearning.dependsOnMethod"/>
</testsuite> <!-- testNGLearning.dependsOnMethod -->
