<?xml version="1.0" encoding="UTF-8"?>
<!-- Generated by org.testng.reporters.JUnitReportReporter -->
<testsuite hostname="VAIO" name="Basics.FirstProgramTestNG" tests="2" failures="0" timestamp="21 May 2020 07:17:46 GMT" time="0.047" errors="0">
  <testcase name="demo1" time="0.005" classname="Basics.FirstProgramTestNG"/>
  <testcase name="demo" time="0.042" classname="Basics.FirstProgramTestNG"/>
</testsuite> <!-- Basics.FirstProgramTestNG -->
