<?xml version="1.0" encoding="UTF-8"?>
<!-- Generated by org.testng.reporters.JUnitReportReporter -->
<testsuite hostname="VAIO" name="testNGLearning.creditloan" tests="1" failures="0" timestamp="1 Jul 2020 06:25:10 GMT" time="0.040" errors="0">
  <testcase name="creditPersonalLoan" time="0.040" classname="testNGLearning.creditloan"/>
</testsuite> <!-- testNGLearning.creditloan -->
