<?xml version="1.0" encoding="UTF-8"?>
<!-- Generated by org.testng.reporters.JUnitReportReporter -->
<testsuite hostname="VAIO" name="testNGLearning.debitloan" tests="1" failures="0" timestamp="1 Jul 2020 06:25:10 GMT" time="0.008" errors="0">
  <testcase name="debitHomeLoan" time="0.008" classname="testNGLearning.debitloan"/>
</testsuite> <!-- testNGLearning.debitloan -->
